2022-11-06 04:59:06.434 - INFO - 5094 - azureml.train.automl.run._log_activity:55 - ActivityStarted: GetOutput
2022-11-06 04:59:06.456 - INFO - 5094 - azureml.train.automl.run._log_activity:55 - ActivityStarted: GetOutput
2022-11-06 04:59:06.474 - INFO - 5094 - azureml.train.automl.run._log_activity:55 - ActivityStarted: GetChildren
2022-11-06 04:59:06.641 - INFO - 5094 - azureml.train.automl.run._log_activity:89 - ActivityCompleted: Activity=GetChildren, HowEnded=Success, Duration=166.63[ms]
2022-11-06 04:59:06.695 - INFO - 5094 - azureml.train.automl.run._log_activity:89 - ActivityCompleted: Activity=GetOutput, HowEnded=Success, Duration=239.0[ms]
2022-11-06 04:59:06.695 - INFO - 5094 - azureml.train.automl._model_download_utilities._log_activity:55 - ActivityStarted: DownloadModel
2022-11-06 04:59:09.881 - INFO - 5094 - azureml.training.tabular.featurization.text.pretrained_text_dnn_transformer.horovod_initialized:65 - Horovod not found in current environment. Distribution via Horovod will be disabled.
2022-11-06 04:59:12.746 - INFO - 5094 - azureml.automl.runtime.featurization.data_transformer.__init__:190 - Feature sweeping enabled: False
2022-11-06 04:59:12.747 - INFO - 5094 - azureml.automl.runtime.featurization.data_transformer.__init__:191 - Feature sweeping timeout: 86400
2022-11-06 04:59:15.397 - INFO - 5094 - azureml.train.automl._model_download_utilities._log_activity:89 - ActivityCompleted: Activity=DownloadModel, HowEnded=Success, Duration=8701.31[ms]
2022-11-06 04:59:15.442 - INFO - 5094 - azureml.train.automl.run._log_activity:89 - ActivityCompleted: Activity=GetOutput, HowEnded=Success, Duration=9007.74[ms]
2022-11-06 05:07:24.635 - INFO - 5094 - azureml.train.automl.run._log_activity:55 - ActivityStarted: RegisterModel
2022-11-06 05:07:24.683 - INFO - 5094 - azureml.train.automl.run._log_activity:55 - ActivityStarted: GetChildren
2022-11-06 05:07:25.014 - INFO - 5094 - azureml.train.automl.run._log_activity:89 - ActivityCompleted: Activity=GetChildren, HowEnded=Success, Duration=330.58[ms]
2022-11-06 05:07:26.529 - INFO - 5094 - azureml.train.automl.run._log_activity:89 - ActivityCompleted: Activity=RegisterModel, HowEnded=Success, Duration=1894.01[ms]
2022-11-06 06:35:19.306 - INFO - 5094 - azureml.automl.runtime.featurization.data_transformer.__init__:190 - Feature sweeping enabled: False
2022-11-06 06:35:19.315 - INFO - 5094 - azureml.automl.runtime.featurization.data_transformer.__init__:191 - Feature sweeping timeout: 86400
2022-11-06 06:36:50.509 - INFO - 5094 - azureml.automl.runtime.featurization.data_transformer._apply_transforms:550 - Starting to apply transforms. Total ram: 7281307648 bytes
2022-11-06 06:36:50.524 - INFO - 5094 - azureml.automl.runtime.featurization.data_transformer._apply_transforms:560 - Transform memory estimate: 0 bytes, Current available memory: 169754624 bytes
2022-11-06 06:36:50.524 - INFO - 5094 - azureml.automl.runtime.featurization.data_transformer._apply_transforms:572 - StringCastTransformer,HashOneHotVectorizerTransformer: Applying transform.
2022-11-06 06:36:50.545 - INFO - 5094 - azureml.automl.runtime.featurization.data_transformer._apply_transforms:584 - StringCastTransformer,HashOneHotVectorizerTransformer: Finished applying transform. Shape (200, 512)
2022-11-06 06:36:50.545 - INFO - 5094 - azureml.automl.runtime.featurization.data_transformer._apply_transforms:560 - Transform memory estimate: 0 bytes, Current available memory: 168751104 bytes
2022-11-06 06:36:50.545 - INFO - 5094 - azureml.automl.runtime.featurization.data_transformer._apply_transforms:572 - StringCastTransformer,TfidfVectorizer: Applying transform.
2022-11-06 06:36:50.571 - INFO - 5094 - azureml.automl.runtime.featurization.data_transformer._apply_transforms:584 - StringCastTransformer,TfidfVectorizer: Finished applying transform. Shape (200, 4038)
2022-11-06 06:36:50.572 - INFO - 5094 - azureml.automl.runtime.featurization.data_transformer._apply_transforms:560 - Transform memory estimate: 0 bytes, Current available memory: 168235008 bytes
2022-11-06 06:36:50.572 - INFO - 5094 - azureml.automl.runtime.featurization.data_transformer._apply_transforms:572 - StringCastTransformer,TfidfVectorizer: Applying transform.
2022-11-06 06:36:50.579 - INFO - 5094 - azureml.automl.runtime.featurization.data_transformer._apply_transforms:584 - StringCastTransformer,TfidfVectorizer: Finished applying transform. Shape (200, 4934)
2022-11-06 06:36:50.579 - INFO - 5094 - azureml.automl.runtime.featurization.data_transformer._apply_transforms:560 - Transform memory estimate: 0 bytes, Current available memory: 168235008 bytes
2022-11-06 06:36:50.580 - INFO - 5094 - azureml.automl.runtime.featurization.data_transformer._apply_transforms:572 - SimpleImputer: Applying transform.
2022-11-06 06:36:50.581 - INFO - 5094 - azureml.automl.runtime.featurization.data_transformer._apply_transforms:584 - SimpleImputer: Finished applying transform. Shape (200, 1)
2022-11-06 06:36:50.582 - INFO - 5094 - azureml.automl.runtime.featurization.data_transformer._apply_transforms:560 - Transform memory estimate: 0 bytes, Current available memory: 168235008 bytes
2022-11-06 06:36:50.582 - INFO - 5094 - azureml.automl.runtime.featurization.data_transformer._apply_transforms:572 - SimpleImputer: Applying transform.
2022-11-06 06:36:50.583 - INFO - 5094 - azureml.automl.runtime.featurization.data_transformer._apply_transforms:584 - SimpleImputer: Finished applying transform. Shape (200, 1)
2022-11-06 06:36:50.583 - INFO - 5094 - azureml.automl.runtime.featurization.data_transformer._apply_transforms:560 - Transform memory estimate: 0 bytes, Current available memory: 168235008 bytes
2022-11-06 06:36:50.584 - INFO - 5094 - azureml.automl.runtime.featurization.data_transformer._apply_transforms:572 - SimpleImputer: Applying transform.
2022-11-06 06:36:50.585 - INFO - 5094 - azureml.automl.runtime.featurization.data_transformer._apply_transforms:584 - SimpleImputer: Finished applying transform. Shape (200, 1)
2022-11-06 06:36:50.585 - INFO - 5094 - azureml.automl.runtime.featurization.data_transformer._apply_transforms:560 - Transform memory estimate: 0 bytes, Current available memory: 168235008 bytes
2022-11-06 06:36:50.586 - INFO - 5094 - azureml.automl.runtime.featurization.data_transformer._apply_transforms:572 - SimpleImputer: Applying transform.
2022-11-06 06:36:50.587 - INFO - 5094 - azureml.automl.runtime.featurization.data_transformer._apply_transforms:584 - SimpleImputer: Finished applying transform. Shape (200, 1)
2022-11-06 06:36:50.587 - INFO - 5094 - azureml.automl.runtime.featurization.data_transformer._apply_transforms:560 - Transform memory estimate: 0 bytes, Current available memory: 168235008 bytes
2022-11-06 06:36:50.587 - INFO - 5094 - azureml.automl.runtime.featurization.data_transformer._apply_transforms:572 - SimpleImputer: Applying transform.
2022-11-06 06:36:50.589 - INFO - 5094 - azureml.automl.runtime.featurization.data_transformer._apply_transforms:584 - SimpleImputer: Finished applying transform. Shape (200, 1)
2022-11-06 06:36:50.589 - INFO - 5094 - azureml.automl.runtime.featurization.data_transformer._apply_transforms:560 - Transform memory estimate: 0 bytes, Current available memory: 168235008 bytes
2022-11-06 06:36:50.589 - INFO - 5094 - azureml.automl.runtime.featurization.data_transformer._apply_transforms:572 - SimpleImputer: Applying transform.
2022-11-06 06:36:50.590 - INFO - 5094 - azureml.automl.runtime.featurization.data_transformer._apply_transforms:584 - SimpleImputer: Finished applying transform. Shape (200, 1)
2022-11-06 06:36:50.591 - INFO - 5094 - azureml.automl.runtime.featurization.data_transformer._apply_transforms:560 - Transform memory estimate: 0 bytes, Current available memory: 168235008 bytes
2022-11-06 06:36:50.591 - INFO - 5094 - azureml.automl.runtime.featurization.data_transformer._apply_transforms:572 - SimpleImputer: Applying transform.
2022-11-06 06:36:50.592 - INFO - 5094 - azureml.automl.runtime.featurization.data_transformer._apply_transforms:584 - SimpleImputer: Finished applying transform. Shape (200, 1)
2022-11-06 06:36:50.593 - INFO - 5094 - azureml.automl.runtime.featurization.data_transformer._apply_transforms:560 - Transform memory estimate: 0 bytes, Current available memory: 168235008 bytes
2022-11-06 06:36:50.593 - INFO - 5094 - azureml.automl.runtime.featurization.data_transformer._apply_transforms:572 - SimpleImputer: Applying transform.
2022-11-06 06:36:50.594 - INFO - 5094 - azureml.automl.runtime.featurization.data_transformer._apply_transforms:584 - SimpleImputer: Finished applying transform. Shape (200, 1)
2022-11-06 06:36:50.594 - INFO - 5094 - azureml.automl.runtime.featurization.data_transformer._apply_transforms:560 - Transform memory estimate: 0 bytes, Current available memory: 168235008 bytes
2022-11-06 06:36:50.595 - INFO - 5094 - azureml.automl.runtime.featurization.data_transformer._apply_transforms:572 - SimpleImputer: Applying transform.
2022-11-06 06:36:50.596 - INFO - 5094 - azureml.automl.runtime.featurization.data_transformer._apply_transforms:584 - SimpleImputer: Finished applying transform. Shape (200, 1)
2022-11-06 06:36:50.596 - INFO - 5094 - azureml.automl.runtime.featurization.data_transformer._apply_transforms:560 - Transform memory estimate: 0 bytes, Current available memory: 168235008 bytes
2022-11-06 06:36:50.596 - INFO - 5094 - azureml.automl.runtime.featurization.data_transformer._apply_transforms:572 - SimpleImputer: Applying transform.
2022-11-06 06:36:50.598 - INFO - 5094 - azureml.automl.runtime.featurization.data_transformer._apply_transforms:584 - SimpleImputer: Finished applying transform. Shape (200, 1)
2022-11-06 06:36:50.598 - INFO - 5094 - azureml.automl.runtime.featurization.data_transformer._apply_transforms:560 - Transform memory estimate: 0 bytes, Current available memory: 168235008 bytes
2022-11-06 06:36:50.598 - INFO - 5094 - azureml.automl.runtime.featurization.data_transformer._apply_transforms:572 - CatImputer,StringCastTransformer,LabelEncoderTransformer: Applying transform.
2022-11-06 06:36:50.602 - INFO - 5094 - azureml.automl.runtime.featurization.data_transformer._apply_transforms:584 - CatImputer,StringCastTransformer,LabelEncoderTransformer: Finished applying transform. Shape (200, 1)
2022-11-06 06:36:50.602 - INFO - 5094 - azureml.automl.runtime.featurization.data_transformer._apply_transforms:560 - Transform memory estimate: 0 bytes, Current available memory: 168235008 bytes
2022-11-06 06:36:50.602 - INFO - 5094 - azureml.automl.runtime.featurization.data_transformer._apply_transforms:572 - StringCastTransformer,CountVectorizer: Applying transform.
2022-11-06 06:36:50.603 - INFO - 5094 - azureml.automl.runtime.featurization.data_transformer._apply_transforms:584 - StringCastTransformer,CountVectorizer: Finished applying transform. Shape (200, 23)
2022-11-06 06:36:50.604 - INFO - 5094 - azureml.automl.runtime.featurization.data_transformer._apply_transforms:560 - Transform memory estimate: 0 bytes, Current available memory: 168235008 bytes
2022-11-06 06:36:50.604 - INFO - 5094 - azureml.automl.runtime.featurization.data_transformer._apply_transforms:572 - StringCastTransformer,CountVectorizer: Applying transform.
2022-11-06 06:36:50.605 - INFO - 5094 - azureml.automl.runtime.featurization.data_transformer._apply_transforms:584 - StringCastTransformer,CountVectorizer: Finished applying transform. Shape (200, 12)
2022-11-06 06:36:50.608 - INFO - 5094 - azureml.automl.runtime.featurization.data_transformer._apply_transforms:560 - Transform memory estimate: 0 bytes, Current available memory: 168235008 bytes
2022-11-06 06:36:50.614 - INFO - 5094 - azureml.automl.runtime.featurization.data_transformer._apply_transforms:572 - CatImputer,StringCastTransformer,LabelEncoderTransformer: Applying transform.
2022-11-06 06:36:50.618 - INFO - 5094 - azureml.automl.runtime.featurization.data_transformer._apply_transforms:584 - CatImputer,StringCastTransformer,LabelEncoderTransformer: Finished applying transform. Shape (200, 1)
2022-11-06 06:36:50.618 - INFO - 5094 - azureml.automl.runtime.featurization.data_transformer._apply_transforms:560 - Transform memory estimate: 0 bytes, Current available memory: 168235008 bytes
2022-11-06 06:36:50.618 - INFO - 5094 - azureml.automl.runtime.featurization.data_transformer._apply_transforms:572 - StringCastTransformer,CountVectorizer: Applying transform.
2022-11-06 06:36:50.619 - INFO - 5094 - azureml.automl.runtime.featurization.data_transformer._apply_transforms:584 - StringCastTransformer,CountVectorizer: Finished applying transform. Shape (200, 56)
2022-11-06 06:36:50.620 - INFO - 5094 - azureml.automl.runtime.featurization.data_transformer._apply_transforms:560 - Transform memory estimate: 0 bytes, Current available memory: 168235008 bytes
2022-11-06 06:36:50.620 - INFO - 5094 - azureml.automl.runtime.featurization.data_transformer._apply_transforms:572 - CatImputer,StringCastTransformer,CrossValidationTargetEncoder: Applying transform.
2022-11-06 06:36:50.623 - INFO - 5094 - azureml.automl.runtime.featurization.data_transformer._apply_transforms:584 - CatImputer,StringCastTransformer,CrossValidationTargetEncoder: Finished applying transform. Shape (200, 1)
2022-11-06 06:36:50.623 - INFO - 5094 - azureml.automl.runtime.featurization.data_transformer._apply_transforms:595 - Finished applying transforms
2022-11-06 06:36:50.624 - INFO - 5094 - azureml.automl.runtime.shared.memory_utilities._is_low_memory:205 - Total ram: 7281307648 bytes, Current Available memory: 168235008 bytes. Low memory threshold: 0.5
2022-11-06 06:37:14.508 - INFO - 5094 - azureml.automl.runtime.featurization.data_transformer._apply_transforms:550 - Starting to apply transforms. Total ram: 7281307648 bytes
2022-11-06 06:37:14.515 - INFO - 5094 - azureml.automl.runtime.featurization.data_transformer._apply_transforms:560 - Transform memory estimate: 0 bytes, Current available memory: 163733504 bytes
2022-11-06 06:37:14.516 - INFO - 5094 - azureml.automl.runtime.featurization.data_transformer._apply_transforms:572 - StringCastTransformer,HashOneHotVectorizerTransformer: Applying transform.
2022-11-06 06:37:14.517 - INFO - 5094 - azureml.automl.runtime.featurization.data_transformer._apply_transforms:584 - StringCastTransformer,HashOneHotVectorizerTransformer: Finished applying transform. Shape (200, 512)
2022-11-06 06:37:14.524 - INFO - 5094 - azureml.automl.runtime.featurization.data_transformer._apply_transforms:560 - Transform memory estimate: 0 bytes, Current available memory: 163733504 bytes
2022-11-06 06:37:14.525 - INFO - 5094 - azureml.automl.runtime.featurization.data_transformer._apply_transforms:572 - StringCastTransformer,TfidfVectorizer: Applying transform.
2022-11-06 06:37:14.532 - INFO - 5094 - azureml.automl.runtime.featurization.data_transformer._apply_transforms:584 - StringCastTransformer,TfidfVectorizer: Finished applying transform. Shape (200, 4038)
2022-11-06 06:37:14.533 - INFO - 5094 - azureml.automl.runtime.featurization.data_transformer._apply_transforms:560 - Transform memory estimate: 0 bytes, Current available memory: 163733504 bytes
2022-11-06 06:37:14.533 - INFO - 5094 - azureml.automl.runtime.featurization.data_transformer._apply_transforms:572 - StringCastTransformer,TfidfVectorizer: Applying transform.
2022-11-06 06:37:14.541 - INFO - 5094 - azureml.automl.runtime.featurization.data_transformer._apply_transforms:584 - StringCastTransformer,TfidfVectorizer: Finished applying transform. Shape (200, 4934)
2022-11-06 06:37:14.541 - INFO - 5094 - azureml.automl.runtime.featurization.data_transformer._apply_transforms:560 - Transform memory estimate: 0 bytes, Current available memory: 163733504 bytes
2022-11-06 06:37:14.541 - INFO - 5094 - azureml.automl.runtime.featurization.data_transformer._apply_transforms:572 - SimpleImputer: Applying transform.
2022-11-06 06:37:14.543 - INFO - 5094 - azureml.automl.runtime.featurization.data_transformer._apply_transforms:584 - SimpleImputer: Finished applying transform. Shape (200, 1)
2022-11-06 06:37:14.543 - INFO - 5094 - azureml.automl.runtime.featurization.data_transformer._apply_transforms:560 - Transform memory estimate: 0 bytes, Current available memory: 163733504 bytes
2022-11-06 06:37:14.544 - INFO - 5094 - azureml.automl.runtime.featurization.data_transformer._apply_transforms:572 - SimpleImputer: Applying transform.
2022-11-06 06:37:14.545 - INFO - 5094 - azureml.automl.runtime.featurization.data_transformer._apply_transforms:584 - SimpleImputer: Finished applying transform. Shape (200, 1)
2022-11-06 06:37:14.545 - INFO - 5094 - azureml.automl.runtime.featurization.data_transformer._apply_transforms:560 - Transform memory estimate: 0 bytes, Current available memory: 163733504 bytes
2022-11-06 06:37:14.546 - INFO - 5094 - azureml.automl.runtime.featurization.data_transformer._apply_transforms:572 - SimpleImputer: Applying transform.
2022-11-06 06:37:14.547 - INFO - 5094 - azureml.automl.runtime.featurization.data_transformer._apply_transforms:584 - SimpleImputer: Finished applying transform. Shape (200, 1)
2022-11-06 06:37:14.547 - INFO - 5094 - azureml.automl.runtime.featurization.data_transformer._apply_transforms:560 - Transform memory estimate: 0 bytes, Current available memory: 163733504 bytes
2022-11-06 06:37:14.547 - INFO - 5094 - azureml.automl.runtime.featurization.data_transformer._apply_transforms:572 - SimpleImputer: Applying transform.
2022-11-06 06:37:14.549 - INFO - 5094 - azureml.automl.runtime.featurization.data_transformer._apply_transforms:584 - SimpleImputer: Finished applying transform. Shape (200, 1)
2022-11-06 06:37:14.549 - INFO - 5094 - azureml.automl.runtime.featurization.data_transformer._apply_transforms:560 - Transform memory estimate: 0 bytes, Current available memory: 163733504 bytes
2022-11-06 06:37:14.549 - INFO - 5094 - azureml.automl.runtime.featurization.data_transformer._apply_transforms:572 - SimpleImputer: Applying transform.
2022-11-06 06:37:14.550 - INFO - 5094 - azureml.automl.runtime.featurization.data_transformer._apply_transforms:584 - SimpleImputer: Finished applying transform. Shape (200, 1)
2022-11-06 06:37:14.551 - INFO - 5094 - azureml.automl.runtime.featurization.data_transformer._apply_transforms:560 - Transform memory estimate: 0 bytes, Current available memory: 163733504 bytes
2022-11-06 06:37:14.551 - INFO - 5094 - azureml.automl.runtime.featurization.data_transformer._apply_transforms:572 - SimpleImputer: Applying transform.
2022-11-06 06:37:14.552 - INFO - 5094 - azureml.automl.runtime.featurization.data_transformer._apply_transforms:584 - SimpleImputer: Finished applying transform. Shape (200, 1)
2022-11-06 06:37:14.553 - INFO - 5094 - azureml.automl.runtime.featurization.data_transformer._apply_transforms:560 - Transform memory estimate: 0 bytes, Current available memory: 163733504 bytes
2022-11-06 06:37:14.553 - INFO - 5094 - azureml.automl.runtime.featurization.data_transformer._apply_transforms:572 - SimpleImputer: Applying transform.
2022-11-06 06:37:14.554 - INFO - 5094 - azureml.automl.runtime.featurization.data_transformer._apply_transforms:584 - SimpleImputer: Finished applying transform. Shape (200, 1)
2022-11-06 06:37:14.555 - INFO - 5094 - azureml.automl.runtime.featurization.data_transformer._apply_transforms:560 - Transform memory estimate: 0 bytes, Current available memory: 163733504 bytes
2022-11-06 06:37:14.555 - INFO - 5094 - azureml.automl.runtime.featurization.data_transformer._apply_transforms:572 - SimpleImputer: Applying transform.
2022-11-06 06:37:14.556 - INFO - 5094 - azureml.automl.runtime.featurization.data_transformer._apply_transforms:584 - SimpleImputer: Finished applying transform. Shape (200, 1)
2022-11-06 06:37:14.556 - INFO - 5094 - azureml.automl.runtime.featurization.data_transformer._apply_transforms:560 - Transform memory estimate: 0 bytes, Current available memory: 163733504 bytes
2022-11-06 06:37:14.557 - INFO - 5094 - azureml.automl.runtime.featurization.data_transformer._apply_transforms:572 - SimpleImputer: Applying transform.
2022-11-06 06:37:14.558 - INFO - 5094 - azureml.automl.runtime.featurization.data_transformer._apply_transforms:584 - SimpleImputer: Finished applying transform. Shape (200, 1)
2022-11-06 06:37:14.558 - INFO - 5094 - azureml.automl.runtime.featurization.data_transformer._apply_transforms:560 - Transform memory estimate: 0 bytes, Current available memory: 163733504 bytes
2022-11-06 06:37:14.558 - INFO - 5094 - azureml.automl.runtime.featurization.data_transformer._apply_transforms:572 - SimpleImputer: Applying transform.
2022-11-06 06:37:14.560 - INFO - 5094 - azureml.automl.runtime.featurization.data_transformer._apply_transforms:584 - SimpleImputer: Finished applying transform. Shape (200, 1)
2022-11-06 06:37:14.560 - INFO - 5094 - azureml.automl.runtime.featurization.data_transformer._apply_transforms:560 - Transform memory estimate: 0 bytes, Current available memory: 163733504 bytes
2022-11-06 06:37:14.560 - INFO - 5094 - azureml.automl.runtime.featurization.data_transformer._apply_transforms:572 - CatImputer,StringCastTransformer,LabelEncoderTransformer: Applying transform.
2022-11-06 06:37:14.563 - INFO - 5094 - azureml.automl.runtime.featurization.data_transformer._apply_transforms:584 - CatImputer,StringCastTransformer,LabelEncoderTransformer: Finished applying transform. Shape (200, 1)
2022-11-06 06:37:14.564 - INFO - 5094 - azureml.automl.runtime.featurization.data_transformer._apply_transforms:560 - Transform memory estimate: 0 bytes, Current available memory: 163733504 bytes
2022-11-06 06:37:14.564 - INFO - 5094 - azureml.automl.runtime.featurization.data_transformer._apply_transforms:572 - StringCastTransformer,CountVectorizer: Applying transform.
2022-11-06 06:37:14.565 - INFO - 5094 - azureml.automl.runtime.featurization.data_transformer._apply_transforms:584 - StringCastTransformer,CountVectorizer: Finished applying transform. Shape (200, 23)
2022-11-06 06:37:14.565 - INFO - 5094 - azureml.automl.runtime.featurization.data_transformer._apply_transforms:560 - Transform memory estimate: 0 bytes, Current available memory: 163733504 bytes
2022-11-06 06:37:14.566 - INFO - 5094 - azureml.automl.runtime.featurization.data_transformer._apply_transforms:572 - StringCastTransformer,CountVectorizer: Applying transform.
2022-11-06 06:37:14.567 - INFO - 5094 - azureml.automl.runtime.featurization.data_transformer._apply_transforms:584 - StringCastTransformer,CountVectorizer: Finished applying transform. Shape (200, 12)
2022-11-06 06:37:14.567 - INFO - 5094 - azureml.automl.runtime.featurization.data_transformer._apply_transforms:560 - Transform memory estimate: 0 bytes, Current available memory: 163733504 bytes
2022-11-06 06:37:14.567 - INFO - 5094 - azureml.automl.runtime.featurization.data_transformer._apply_transforms:572 - CatImputer,StringCastTransformer,LabelEncoderTransformer: Applying transform.
2022-11-06 06:37:14.570 - INFO - 5094 - azureml.automl.runtime.featurization.data_transformer._apply_transforms:584 - CatImputer,StringCastTransformer,LabelEncoderTransformer: Finished applying transform. Shape (200, 1)
2022-11-06 06:37:14.570 - INFO - 5094 - azureml.automl.runtime.featurization.data_transformer._apply_transforms:560 - Transform memory estimate: 0 bytes, Current available memory: 163733504 bytes
2022-11-06 06:37:14.570 - INFO - 5094 - azureml.automl.runtime.featurization.data_transformer._apply_transforms:572 - StringCastTransformer,CountVectorizer: Applying transform.
2022-11-06 06:37:14.571 - INFO - 5094 - azureml.automl.runtime.featurization.data_transformer._apply_transforms:584 - StringCastTransformer,CountVectorizer: Finished applying transform. Shape (200, 56)
2022-11-06 06:37:14.572 - INFO - 5094 - azureml.automl.runtime.featurization.data_transformer._apply_transforms:560 - Transform memory estimate: 0 bytes, Current available memory: 163733504 bytes
2022-11-06 06:37:14.572 - INFO - 5094 - azureml.automl.runtime.featurization.data_transformer._apply_transforms:572 - CatImputer,StringCastTransformer,CrossValidationTargetEncoder: Applying transform.
2022-11-06 06:37:14.574 - INFO - 5094 - azureml.automl.runtime.featurization.data_transformer._apply_transforms:584 - CatImputer,StringCastTransformer,CrossValidationTargetEncoder: Finished applying transform. Shape (200, 1)
2022-11-06 06:37:14.575 - INFO - 5094 - azureml.automl.runtime.featurization.data_transformer._apply_transforms:595 - Finished applying transforms
2022-11-06 06:37:14.575 - INFO - 5094 - azureml.automl.runtime.shared.memory_utilities._is_low_memory:205 - Total ram: 7281307648 bytes, Current Available memory: 163733504 bytes. Low memory threshold: 0.5
2022-11-06 06:37:20.720 - INFO - 5094 - azureml.automl.runtime.featurization.data_transformer._apply_transforms:550 - Starting to apply transforms. Total ram: 7281307648 bytes
2022-11-06 06:37:20.727 - INFO - 5094 - azureml.automl.runtime.featurization.data_transformer._apply_transforms:560 - Transform memory estimate: 0 bytes, Current available memory: 163733504 bytes
2022-11-06 06:37:20.727 - INFO - 5094 - azureml.automl.runtime.featurization.data_transformer._apply_transforms:572 - StringCastTransformer,HashOneHotVectorizerTransformer: Applying transform.
2022-11-06 06:37:20.729 - INFO - 5094 - azureml.automl.runtime.featurization.data_transformer._apply_transforms:584 - StringCastTransformer,HashOneHotVectorizerTransformer: Finished applying transform. Shape (200, 512)
2022-11-06 06:37:20.736 - INFO - 5094 - azureml.automl.runtime.featurization.data_transformer._apply_transforms:560 - Transform memory estimate: 0 bytes, Current available memory: 163733504 bytes
2022-11-06 06:37:20.736 - INFO - 5094 - azureml.automl.runtime.featurization.data_transformer._apply_transforms:572 - StringCastTransformer,TfidfVectorizer: Applying transform.
2022-11-06 06:37:20.743 - INFO - 5094 - azureml.automl.runtime.featurization.data_transformer._apply_transforms:584 - StringCastTransformer,TfidfVectorizer: Finished applying transform. Shape (200, 4038)
2022-11-06 06:37:20.744 - INFO - 5094 - azureml.automl.runtime.featurization.data_transformer._apply_transforms:560 - Transform memory estimate: 0 bytes, Current available memory: 163733504 bytes
2022-11-06 06:37:20.744 - INFO - 5094 - azureml.automl.runtime.featurization.data_transformer._apply_transforms:572 - StringCastTransformer,TfidfVectorizer: Applying transform.
2022-11-06 06:37:20.751 - INFO - 5094 - azureml.automl.runtime.featurization.data_transformer._apply_transforms:584 - StringCastTransformer,TfidfVectorizer: Finished applying transform. Shape (200, 4934)
2022-11-06 06:37:20.751 - INFO - 5094 - azureml.automl.runtime.featurization.data_transformer._apply_transforms:560 - Transform memory estimate: 0 bytes, Current available memory: 163733504 bytes
2022-11-06 06:37:20.752 - INFO - 5094 - azureml.automl.runtime.featurization.data_transformer._apply_transforms:572 - SimpleImputer: Applying transform.
2022-11-06 06:37:20.753 - INFO - 5094 - azureml.automl.runtime.featurization.data_transformer._apply_transforms:584 - SimpleImputer: Finished applying transform. Shape (200, 1)
2022-11-06 06:37:20.753 - INFO - 5094 - azureml.automl.runtime.featurization.data_transformer._apply_transforms:560 - Transform memory estimate: 0 bytes, Current available memory: 163733504 bytes
2022-11-06 06:37:20.754 - INFO - 5094 - azureml.automl.runtime.featurization.data_transformer._apply_transforms:572 - SimpleImputer: Applying transform.
2022-11-06 06:37:20.755 - INFO - 5094 - azureml.automl.runtime.featurization.data_transformer._apply_transforms:584 - SimpleImputer: Finished applying transform. Shape (200, 1)
2022-11-06 06:37:20.755 - INFO - 5094 - azureml.automl.runtime.featurization.data_transformer._apply_transforms:560 - Transform memory estimate: 0 bytes, Current available memory: 163733504 bytes
2022-11-06 06:37:20.756 - INFO - 5094 - azureml.automl.runtime.featurization.data_transformer._apply_transforms:572 - SimpleImputer: Applying transform.
2022-11-06 06:37:20.757 - INFO - 5094 - azureml.automl.runtime.featurization.data_transformer._apply_transforms:584 - SimpleImputer: Finished applying transform. Shape (200, 1)
2022-11-06 06:37:20.757 - INFO - 5094 - azureml.automl.runtime.featurization.data_transformer._apply_transforms:560 - Transform memory estimate: 0 bytes, Current available memory: 163733504 bytes
2022-11-06 06:37:20.758 - INFO - 5094 - azureml.automl.runtime.featurization.data_transformer._apply_transforms:572 - SimpleImputer: Applying transform.
2022-11-06 06:37:20.759 - INFO - 5094 - azureml.automl.runtime.featurization.data_transformer._apply_transforms:584 - SimpleImputer: Finished applying transform. Shape (200, 1)
2022-11-06 06:37:20.759 - INFO - 5094 - azureml.automl.runtime.featurization.data_transformer._apply_transforms:560 - Transform memory estimate: 0 bytes, Current available memory: 163733504 bytes
2022-11-06 06:37:20.760 - INFO - 5094 - azureml.automl.runtime.featurization.data_transformer._apply_transforms:572 - SimpleImputer: Applying transform.
2022-11-06 06:37:20.761 - INFO - 5094 - azureml.automl.runtime.featurization.data_transformer._apply_transforms:584 - SimpleImputer: Finished applying transform. Shape (200, 1)
2022-11-06 06:37:20.761 - INFO - 5094 - azureml.automl.runtime.featurization.data_transformer._apply_transforms:560 - Transform memory estimate: 0 bytes, Current available memory: 163733504 bytes
2022-11-06 06:37:20.762 - INFO - 5094 - azureml.automl.runtime.featurization.data_transformer._apply_transforms:572 - SimpleImputer: Applying transform.
2022-11-06 06:37:20.763 - INFO - 5094 - azureml.automl.runtime.featurization.data_transformer._apply_transforms:584 - SimpleImputer: Finished applying transform. Shape (200, 1)
2022-11-06 06:37:20.763 - INFO - 5094 - azureml.automl.runtime.featurization.data_transformer._apply_transforms:560 - Transform memory estimate: 0 bytes, Current available memory: 163733504 bytes
2022-11-06 06:37:20.764 - INFO - 5094 - azureml.automl.runtime.featurization.data_transformer._apply_transforms:572 - SimpleImputer: Applying transform.
2022-11-06 06:37:20.765 - INFO - 5094 - azureml.automl.runtime.featurization.data_transformer._apply_transforms:584 - SimpleImputer: Finished applying transform. Shape (200, 1)
2022-11-06 06:37:20.765 - INFO - 5094 - azureml.automl.runtime.featurization.data_transformer._apply_transforms:560 - Transform memory estimate: 0 bytes, Current available memory: 163733504 bytes
2022-11-06 06:37:20.765 - INFO - 5094 - azureml.automl.runtime.featurization.data_transformer._apply_transforms:572 - SimpleImputer: Applying transform.
2022-11-06 06:37:20.767 - INFO - 5094 - azureml.automl.runtime.featurization.data_transformer._apply_transforms:584 - SimpleImputer: Finished applying transform. Shape (200, 1)
2022-11-06 06:37:20.767 - INFO - 5094 - azureml.automl.runtime.featurization.data_transformer._apply_transforms:560 - Transform memory estimate: 0 bytes, Current available memory: 163733504 bytes
2022-11-06 06:37:20.767 - INFO - 5094 - azureml.automl.runtime.featurization.data_transformer._apply_transforms:572 - SimpleImputer: Applying transform.
2022-11-06 06:37:20.768 - INFO - 5094 - azureml.automl.runtime.featurization.data_transformer._apply_transforms:584 - SimpleImputer: Finished applying transform. Shape (200, 1)
2022-11-06 06:37:20.769 - INFO - 5094 - azureml.automl.runtime.featurization.data_transformer._apply_transforms:560 - Transform memory estimate: 0 bytes, Current available memory: 163733504 bytes
2022-11-06 06:37:20.769 - INFO - 5094 - azureml.automl.runtime.featurization.data_transformer._apply_transforms:572 - SimpleImputer: Applying transform.
2022-11-06 06:37:20.770 - INFO - 5094 - azureml.automl.runtime.featurization.data_transformer._apply_transforms:584 - SimpleImputer: Finished applying transform. Shape (200, 1)
2022-11-06 06:37:20.771 - INFO - 5094 - azureml.automl.runtime.featurization.data_transformer._apply_transforms:560 - Transform memory estimate: 0 bytes, Current available memory: 163733504 bytes
2022-11-06 06:37:20.771 - INFO - 5094 - azureml.automl.runtime.featurization.data_transformer._apply_transforms:572 - CatImputer,StringCastTransformer,LabelEncoderTransformer: Applying transform.
2022-11-06 06:37:20.774 - INFO - 5094 - azureml.automl.runtime.featurization.data_transformer._apply_transforms:584 - CatImputer,StringCastTransformer,LabelEncoderTransformer: Finished applying transform. Shape (200, 1)
2022-11-06 06:37:20.774 - INFO - 5094 - azureml.automl.runtime.featurization.data_transformer._apply_transforms:560 - Transform memory estimate: 0 bytes, Current available memory: 163733504 bytes
2022-11-06 06:37:20.774 - INFO - 5094 - azureml.automl.runtime.featurization.data_transformer._apply_transforms:572 - StringCastTransformer,CountVectorizer: Applying transform.
2022-11-06 06:37:20.775 - INFO - 5094 - azureml.automl.runtime.featurization.data_transformer._apply_transforms:584 - StringCastTransformer,CountVectorizer: Finished applying transform. Shape (200, 23)
2022-11-06 06:37:20.776 - INFO - 5094 - azureml.automl.runtime.featurization.data_transformer._apply_transforms:560 - Transform memory estimate: 0 bytes, Current available memory: 163733504 bytes
2022-11-06 06:37:20.776 - INFO - 5094 - azureml.automl.runtime.featurization.data_transformer._apply_transforms:572 - StringCastTransformer,CountVectorizer: Applying transform.
2022-11-06 06:37:20.777 - INFO - 5094 - azureml.automl.runtime.featurization.data_transformer._apply_transforms:584 - StringCastTransformer,CountVectorizer: Finished applying transform. Shape (200, 12)
2022-11-06 06:37:20.778 - INFO - 5094 - azureml.automl.runtime.featurization.data_transformer._apply_transforms:560 - Transform memory estimate: 0 bytes, Current available memory: 163733504 bytes
2022-11-06 06:37:20.778 - INFO - 5094 - azureml.automl.runtime.featurization.data_transformer._apply_transforms:572 - CatImputer,StringCastTransformer,LabelEncoderTransformer: Applying transform.
2022-11-06 06:37:20.780 - INFO - 5094 - azureml.automl.runtime.featurization.data_transformer._apply_transforms:584 - CatImputer,StringCastTransformer,LabelEncoderTransformer: Finished applying transform. Shape (200, 1)
2022-11-06 06:37:20.781 - INFO - 5094 - azureml.automl.runtime.featurization.data_transformer._apply_transforms:560 - Transform memory estimate: 0 bytes, Current available memory: 163733504 bytes
2022-11-06 06:37:20.781 - INFO - 5094 - azureml.automl.runtime.featurization.data_transformer._apply_transforms:572 - StringCastTransformer,CountVectorizer: Applying transform.
2022-11-06 06:37:20.782 - INFO - 5094 - azureml.automl.runtime.featurization.data_transformer._apply_transforms:584 - StringCastTransformer,CountVectorizer: Finished applying transform. Shape (200, 56)
2022-11-06 06:37:20.782 - INFO - 5094 - azureml.automl.runtime.featurization.data_transformer._apply_transforms:560 - Transform memory estimate: 0 bytes, Current available memory: 163733504 bytes
2022-11-06 06:37:20.783 - INFO - 5094 - azureml.automl.runtime.featurization.data_transformer._apply_transforms:572 - CatImputer,StringCastTransformer,CrossValidationTargetEncoder: Applying transform.
2022-11-06 06:37:20.785 - INFO - 5094 - azureml.automl.runtime.featurization.data_transformer._apply_transforms:584 - CatImputer,StringCastTransformer,CrossValidationTargetEncoder: Finished applying transform. Shape (200, 1)
2022-11-06 06:37:20.786 - INFO - 5094 - azureml.automl.runtime.featurization.data_transformer._apply_transforms:595 - Finished applying transforms
2022-11-06 06:37:20.786 - INFO - 5094 - azureml.automl.runtime.shared.memory_utilities._is_low_memory:205 - Total ram: 7281307648 bytes, Current Available memory: 163733504 bytes. Low memory threshold: 0.5
2022-11-06 06:37:22.923 - INFO - 5094 - azureml.automl.runtime.featurization.data_transformer._apply_transforms:550 - Starting to apply transforms. Total ram: 7281307648 bytes
2022-11-06 06:37:22.932 - INFO - 5094 - azureml.automl.runtime.featurization.data_transformer._apply_transforms:560 - Transform memory estimate: 0 bytes, Current available memory: 163733504 bytes
2022-11-06 06:37:22.933 - INFO - 5094 - azureml.automl.runtime.featurization.data_transformer._apply_transforms:572 - StringCastTransformer,HashOneHotVectorizerTransformer: Applying transform.
2022-11-06 06:37:22.934 - INFO - 5094 - azureml.automl.runtime.featurization.data_transformer._apply_transforms:584 - StringCastTransformer,HashOneHotVectorizerTransformer: Finished applying transform. Shape (200, 512)
2022-11-06 06:37:22.941 - INFO - 5094 - azureml.automl.runtime.featurization.data_transformer._apply_transforms:560 - Transform memory estimate: 0 bytes, Current available memory: 163733504 bytes
2022-11-06 06:37:22.942 - INFO - 5094 - azureml.automl.runtime.featurization.data_transformer._apply_transforms:572 - StringCastTransformer,TfidfVectorizer: Applying transform.
2022-11-06 06:37:22.949 - INFO - 5094 - azureml.automl.runtime.featurization.data_transformer._apply_transforms:584 - StringCastTransformer,TfidfVectorizer: Finished applying transform. Shape (200, 4038)
2022-11-06 06:37:22.950 - INFO - 5094 - azureml.automl.runtime.featurization.data_transformer._apply_transforms:560 - Transform memory estimate: 0 bytes, Current available memory: 163733504 bytes
2022-11-06 06:37:22.950 - INFO - 5094 - azureml.automl.runtime.featurization.data_transformer._apply_transforms:572 - StringCastTransformer,TfidfVectorizer: Applying transform.
2022-11-06 06:37:22.956 - INFO - 5094 - azureml.automl.runtime.featurization.data_transformer._apply_transforms:584 - StringCastTransformer,TfidfVectorizer: Finished applying transform. Shape (200, 4934)
2022-11-06 06:37:22.957 - INFO - 5094 - azureml.automl.runtime.featurization.data_transformer._apply_transforms:560 - Transform memory estimate: 0 bytes, Current available memory: 163733504 bytes
2022-11-06 06:37:22.957 - INFO - 5094 - azureml.automl.runtime.featurization.data_transformer._apply_transforms:572 - SimpleImputer: Applying transform.
2022-11-06 06:37:22.958 - INFO - 5094 - azureml.automl.runtime.featurization.data_transformer._apply_transforms:584 - SimpleImputer: Finished applying transform. Shape (200, 1)
2022-11-06 06:37:22.959 - INFO - 5094 - azureml.automl.runtime.featurization.data_transformer._apply_transforms:560 - Transform memory estimate: 0 bytes, Current available memory: 163733504 bytes
2022-11-06 06:37:22.959 - INFO - 5094 - azureml.automl.runtime.featurization.data_transformer._apply_transforms:572 - SimpleImputer: Applying transform.
2022-11-06 06:37:22.960 - INFO - 5094 - azureml.automl.runtime.featurization.data_transformer._apply_transforms:584 - SimpleImputer: Finished applying transform. Shape (200, 1)
2022-11-06 06:37:22.961 - INFO - 5094 - azureml.automl.runtime.featurization.data_transformer._apply_transforms:560 - Transform memory estimate: 0 bytes, Current available memory: 163733504 bytes
2022-11-06 06:37:22.961 - INFO - 5094 - azureml.automl.runtime.featurization.data_transformer._apply_transforms:572 - SimpleImputer: Applying transform.
2022-11-06 06:37:22.962 - INFO - 5094 - azureml.automl.runtime.featurization.data_transformer._apply_transforms:584 - SimpleImputer: Finished applying transform. Shape (200, 1)
2022-11-06 06:37:22.963 - INFO - 5094 - azureml.automl.runtime.featurization.data_transformer._apply_transforms:560 - Transform memory estimate: 0 bytes, Current available memory: 163733504 bytes
2022-11-06 06:37:22.963 - INFO - 5094 - azureml.automl.runtime.featurization.data_transformer._apply_transforms:572 - SimpleImputer: Applying transform.
2022-11-06 06:37:22.964 - INFO - 5094 - azureml.automl.runtime.featurization.data_transformer._apply_transforms:584 - SimpleImputer: Finished applying transform. Shape (200, 1)
2022-11-06 06:37:22.965 - INFO - 5094 - azureml.automl.runtime.featurization.data_transformer._apply_transforms:560 - Transform memory estimate: 0 bytes, Current available memory: 163733504 bytes
2022-11-06 06:37:22.965 - INFO - 5094 - azureml.automl.runtime.featurization.data_transformer._apply_transforms:572 - SimpleImputer: Applying transform.
2022-11-06 06:37:22.966 - INFO - 5094 - azureml.automl.runtime.featurization.data_transformer._apply_transforms:584 - SimpleImputer: Finished applying transform. Shape (200, 1)
2022-11-06 06:37:22.967 - INFO - 5094 - azureml.automl.runtime.featurization.data_transformer._apply_transforms:560 - Transform memory estimate: 0 bytes, Current available memory: 163733504 bytes
2022-11-06 06:37:22.967 - INFO - 5094 - azureml.automl.runtime.featurization.data_transformer._apply_transforms:572 - SimpleImputer: Applying transform.
2022-11-06 06:37:22.968 - INFO - 5094 - azureml.automl.runtime.featurization.data_transformer._apply_transforms:584 - SimpleImputer: Finished applying transform. Shape (200, 1)
2022-11-06 06:37:22.969 - INFO - 5094 - azureml.automl.runtime.featurization.data_transformer._apply_transforms:560 - Transform memory estimate: 0 bytes, Current available memory: 163733504 bytes
2022-11-06 06:37:22.969 - INFO - 5094 - azureml.automl.runtime.featurization.data_transformer._apply_transforms:572 - SimpleImputer: Applying transform.
2022-11-06 06:37:22.970 - INFO - 5094 - azureml.automl.runtime.featurization.data_transformer._apply_transforms:584 - SimpleImputer: Finished applying transform. Shape (200, 1)
2022-11-06 06:37:22.970 - INFO - 5094 - azureml.automl.runtime.featurization.data_transformer._apply_transforms:560 - Transform memory estimate: 0 bytes, Current available memory: 163733504 bytes
2022-11-06 06:37:22.971 - INFO - 5094 - azureml.automl.runtime.featurization.data_transformer._apply_transforms:572 - SimpleImputer: Applying transform.
2022-11-06 06:37:22.972 - INFO - 5094 - azureml.automl.runtime.featurization.data_transformer._apply_transforms:584 - SimpleImputer: Finished applying transform. Shape (200, 1)
2022-11-06 06:37:22.972 - INFO - 5094 - azureml.automl.runtime.featurization.data_transformer._apply_transforms:560 - Transform memory estimate: 0 bytes, Current available memory: 163733504 bytes
2022-11-06 06:37:22.972 - INFO - 5094 - azureml.automl.runtime.featurization.data_transformer._apply_transforms:572 - SimpleImputer: Applying transform.
2022-11-06 06:37:22.974 - INFO - 5094 - azureml.automl.runtime.featurization.data_transformer._apply_transforms:584 - SimpleImputer: Finished applying transform. Shape (200, 1)
2022-11-06 06:37:22.974 - INFO - 5094 - azureml.automl.runtime.featurization.data_transformer._apply_transforms:560 - Transform memory estimate: 0 bytes, Current available memory: 163733504 bytes
2022-11-06 06:37:22.974 - INFO - 5094 - azureml.automl.runtime.featurization.data_transformer._apply_transforms:572 - SimpleImputer: Applying transform.
2022-11-06 06:37:22.976 - INFO - 5094 - azureml.automl.runtime.featurization.data_transformer._apply_transforms:584 - SimpleImputer: Finished applying transform. Shape (200, 1)
2022-11-06 06:37:22.976 - INFO - 5094 - azureml.automl.runtime.featurization.data_transformer._apply_transforms:560 - Transform memory estimate: 0 bytes, Current available memory: 163733504 bytes
2022-11-06 06:37:22.976 - INFO - 5094 - azureml.automl.runtime.featurization.data_transformer._apply_transforms:572 - CatImputer,StringCastTransformer,LabelEncoderTransformer: Applying transform.
2022-11-06 06:37:22.979 - INFO - 5094 - azureml.automl.runtime.featurization.data_transformer._apply_transforms:584 - CatImputer,StringCastTransformer,LabelEncoderTransformer: Finished applying transform. Shape (200, 1)
2022-11-06 06:37:22.979 - INFO - 5094 - azureml.automl.runtime.featurization.data_transformer._apply_transforms:560 - Transform memory estimate: 0 bytes, Current available memory: 163733504 bytes
2022-11-06 06:37:22.979 - INFO - 5094 - azureml.automl.runtime.featurization.data_transformer._apply_transforms:572 - StringCastTransformer,CountVectorizer: Applying transform.
2022-11-06 06:37:22.981 - INFO - 5094 - azureml.automl.runtime.featurization.data_transformer._apply_transforms:584 - StringCastTransformer,CountVectorizer: Finished applying transform. Shape (200, 23)
2022-11-06 06:37:22.981 - INFO - 5094 - azureml.automl.runtime.featurization.data_transformer._apply_transforms:560 - Transform memory estimate: 0 bytes, Current available memory: 163733504 bytes
2022-11-06 06:37:22.982 - INFO - 5094 - azureml.automl.runtime.featurization.data_transformer._apply_transforms:572 - StringCastTransformer,CountVectorizer: Applying transform.
2022-11-06 06:37:22.983 - INFO - 5094 - azureml.automl.runtime.featurization.data_transformer._apply_transforms:584 - StringCastTransformer,CountVectorizer: Finished applying transform. Shape (200, 12)
2022-11-06 06:37:22.983 - INFO - 5094 - azureml.automl.runtime.featurization.data_transformer._apply_transforms:560 - Transform memory estimate: 0 bytes, Current available memory: 163733504 bytes
2022-11-06 06:37:22.983 - INFO - 5094 - azureml.automl.runtime.featurization.data_transformer._apply_transforms:572 - CatImputer,StringCastTransformer,LabelEncoderTransformer: Applying transform.
2022-11-06 06:37:22.986 - INFO - 5094 - azureml.automl.runtime.featurization.data_transformer._apply_transforms:584 - CatImputer,StringCastTransformer,LabelEncoderTransformer: Finished applying transform. Shape (200, 1)
2022-11-06 06:37:22.986 - INFO - 5094 - azureml.automl.runtime.featurization.data_transformer._apply_transforms:560 - Transform memory estimate: 0 bytes, Current available memory: 163733504 bytes
2022-11-06 06:37:22.986 - INFO - 5094 - azureml.automl.runtime.featurization.data_transformer._apply_transforms:572 - StringCastTransformer,CountVectorizer: Applying transform.
2022-11-06 06:37:22.987 - INFO - 5094 - azureml.automl.runtime.featurization.data_transformer._apply_transforms:584 - StringCastTransformer,CountVectorizer: Finished applying transform. Shape (200, 56)
2022-11-06 06:37:22.988 - INFO - 5094 - azureml.automl.runtime.featurization.data_transformer._apply_transforms:560 - Transform memory estimate: 0 bytes, Current available memory: 163733504 bytes
2022-11-06 06:37:22.988 - INFO - 5094 - azureml.automl.runtime.featurization.data_transformer._apply_transforms:572 - CatImputer,StringCastTransformer,CrossValidationTargetEncoder: Applying transform.
2022-11-06 06:37:22.991 - INFO - 5094 - azureml.automl.runtime.featurization.data_transformer._apply_transforms:584 - CatImputer,StringCastTransformer,CrossValidationTargetEncoder: Finished applying transform. Shape (200, 1)
2022-11-06 06:37:22.991 - INFO - 5094 - azureml.automl.runtime.featurization.data_transformer._apply_transforms:595 - Finished applying transforms
2022-11-06 06:37:22.991 - INFO - 5094 - azureml.automl.runtime.shared.memory_utilities._is_low_memory:205 - Total ram: 7281307648 bytes, Current Available memory: 163733504 bytes. Low memory threshold: 0.5
2022-11-06 06:39:53.633 - INFO - 5094 - azureml.automl.runtime.featurization.data_transformer._apply_transforms:550 - Starting to apply transforms. Total ram: 7281307648 bytes
2022-11-06 06:39:53.648 - INFO - 5094 - azureml.automl.runtime.featurization.data_transformer._apply_transforms:560 - Transform memory estimate: 0 bytes, Current available memory: 198537216 bytes
2022-11-06 06:39:53.649 - INFO - 5094 - azureml.automl.runtime.featurization.data_transformer._apply_transforms:572 - StringCastTransformer,HashOneHotVectorizerTransformer: Applying transform.
2022-11-06 06:39:53.650 - INFO - 5094 - azureml.automl.runtime.featurization.data_transformer._apply_transforms:584 - StringCastTransformer,HashOneHotVectorizerTransformer: Finished applying transform. Shape (200, 512)
2022-11-06 06:39:53.650 - INFO - 5094 - azureml.automl.runtime.featurization.data_transformer._apply_transforms:560 - Transform memory estimate: 0 bytes, Current available memory: 198537216 bytes
2022-11-06 06:39:53.651 - INFO - 5094 - azureml.automl.runtime.featurization.data_transformer._apply_transforms:572 - StringCastTransformer,TfidfVectorizer: Applying transform.
2022-11-06 06:39:53.658 - INFO - 5094 - azureml.automl.runtime.featurization.data_transformer._apply_transforms:584 - StringCastTransformer,TfidfVectorizer: Finished applying transform. Shape (200, 4038)
2022-11-06 06:39:53.659 - INFO - 5094 - azureml.automl.runtime.featurization.data_transformer._apply_transforms:560 - Transform memory estimate: 0 bytes, Current available memory: 198537216 bytes
2022-11-06 06:39:53.659 - INFO - 5094 - azureml.automl.runtime.featurization.data_transformer._apply_transforms:572 - StringCastTransformer,TfidfVectorizer: Applying transform.
2022-11-06 06:39:53.665 - INFO - 5094 - azureml.automl.runtime.featurization.data_transformer._apply_transforms:584 - StringCastTransformer,TfidfVectorizer: Finished applying transform. Shape (200, 4934)
2022-11-06 06:39:53.666 - INFO - 5094 - azureml.automl.runtime.featurization.data_transformer._apply_transforms:560 - Transform memory estimate: 0 bytes, Current available memory: 198537216 bytes
2022-11-06 06:39:53.666 - INFO - 5094 - azureml.automl.runtime.featurization.data_transformer._apply_transforms:572 - SimpleImputer: Applying transform.
2022-11-06 06:39:53.667 - INFO - 5094 - azureml.automl.runtime.featurization.data_transformer._apply_transforms:584 - SimpleImputer: Finished applying transform. Shape (200, 1)
2022-11-06 06:39:53.668 - INFO - 5094 - azureml.automl.runtime.featurization.data_transformer._apply_transforms:560 - Transform memory estimate: 0 bytes, Current available memory: 198537216 bytes
2022-11-06 06:39:53.668 - INFO - 5094 - azureml.automl.runtime.featurization.data_transformer._apply_transforms:572 - SimpleImputer: Applying transform.
2022-11-06 06:39:53.669 - INFO - 5094 - azureml.automl.runtime.featurization.data_transformer._apply_transforms:584 - SimpleImputer: Finished applying transform. Shape (200, 1)
2022-11-06 06:39:53.670 - INFO - 5094 - azureml.automl.runtime.featurization.data_transformer._apply_transforms:560 - Transform memory estimate: 0 bytes, Current available memory: 198537216 bytes
2022-11-06 06:39:53.670 - INFO - 5094 - azureml.automl.runtime.featurization.data_transformer._apply_transforms:572 - SimpleImputer: Applying transform.
2022-11-06 06:39:53.671 - INFO - 5094 - azureml.automl.runtime.featurization.data_transformer._apply_transforms:584 - SimpleImputer: Finished applying transform. Shape (200, 1)
2022-11-06 06:39:53.672 - INFO - 5094 - azureml.automl.runtime.featurization.data_transformer._apply_transforms:560 - Transform memory estimate: 0 bytes, Current available memory: 198537216 bytes
2022-11-06 06:39:53.672 - INFO - 5094 - azureml.automl.runtime.featurization.data_transformer._apply_transforms:572 - SimpleImputer: Applying transform.
2022-11-06 06:39:53.673 - INFO - 5094 - azureml.automl.runtime.featurization.data_transformer._apply_transforms:584 - SimpleImputer: Finished applying transform. Shape (200, 1)
2022-11-06 06:39:53.673 - INFO - 5094 - azureml.automl.runtime.featurization.data_transformer._apply_transforms:560 - Transform memory estimate: 0 bytes, Current available memory: 198537216 bytes
2022-11-06 06:39:53.674 - INFO - 5094 - azureml.automl.runtime.featurization.data_transformer._apply_transforms:572 - SimpleImputer: Applying transform.
2022-11-06 06:39:53.675 - INFO - 5094 - azureml.automl.runtime.featurization.data_transformer._apply_transforms:584 - SimpleImputer: Finished applying transform. Shape (200, 1)
2022-11-06 06:39:53.676 - INFO - 5094 - azureml.automl.runtime.featurization.data_transformer._apply_transforms:560 - Transform memory estimate: 0 bytes, Current available memory: 198537216 bytes
2022-11-06 06:39:53.676 - INFO - 5094 - azureml.automl.runtime.featurization.data_transformer._apply_transforms:572 - SimpleImputer: Applying transform.
2022-11-06 06:39:53.677 - INFO - 5094 - azureml.automl.runtime.featurization.data_transformer._apply_transforms:584 - SimpleImputer: Finished applying transform. Shape (200, 1)
2022-11-06 06:39:53.677 - INFO - 5094 - azureml.automl.runtime.featurization.data_transformer._apply_transforms:560 - Transform memory estimate: 0 bytes, Current available memory: 198537216 bytes
2022-11-06 06:39:53.678 - INFO - 5094 - azureml.automl.runtime.featurization.data_transformer._apply_transforms:572 - SimpleImputer: Applying transform.
2022-11-06 06:39:53.679 - INFO - 5094 - azureml.automl.runtime.featurization.data_transformer._apply_transforms:584 - SimpleImputer: Finished applying transform. Shape (200, 1)
2022-11-06 06:39:53.679 - INFO - 5094 - azureml.automl.runtime.featurization.data_transformer._apply_transforms:560 - Transform memory estimate: 0 bytes, Current available memory: 198537216 bytes
2022-11-06 06:39:53.679 - INFO - 5094 - azureml.automl.runtime.featurization.data_transformer._apply_transforms:572 - SimpleImputer: Applying transform.
2022-11-06 06:39:53.681 - INFO - 5094 - azureml.automl.runtime.featurization.data_transformer._apply_transforms:584 - SimpleImputer: Finished applying transform. Shape (200, 1)
2022-11-06 06:39:53.681 - INFO - 5094 - azureml.automl.runtime.featurization.data_transformer._apply_transforms:560 - Transform memory estimate: 0 bytes, Current available memory: 198537216 bytes
2022-11-06 06:39:53.681 - INFO - 5094 - azureml.automl.runtime.featurization.data_transformer._apply_transforms:572 - SimpleImputer: Applying transform.
2022-11-06 06:39:53.682 - INFO - 5094 - azureml.automl.runtime.featurization.data_transformer._apply_transforms:584 - SimpleImputer: Finished applying transform. Shape (200, 1)
2022-11-06 06:39:53.683 - INFO - 5094 - azureml.automl.runtime.featurization.data_transformer._apply_transforms:560 - Transform memory estimate: 0 bytes, Current available memory: 198537216 bytes
2022-11-06 06:39:53.683 - INFO - 5094 - azureml.automl.runtime.featurization.data_transformer._apply_transforms:572 - SimpleImputer: Applying transform.
2022-11-06 06:39:53.684 - INFO - 5094 - azureml.automl.runtime.featurization.data_transformer._apply_transforms:584 - SimpleImputer: Finished applying transform. Shape (200, 1)
2022-11-06 06:39:53.685 - INFO - 5094 - azureml.automl.runtime.featurization.data_transformer._apply_transforms:560 - Transform memory estimate: 0 bytes, Current available memory: 198537216 bytes
2022-11-06 06:39:53.685 - INFO - 5094 - azureml.automl.runtime.featurization.data_transformer._apply_transforms:572 - CatImputer,StringCastTransformer,LabelEncoderTransformer: Applying transform.
2022-11-06 06:39:53.688 - INFO - 5094 - azureml.automl.runtime.featurization.data_transformer._apply_transforms:584 - CatImputer,StringCastTransformer,LabelEncoderTransformer: Finished applying transform. Shape (200, 1)
2022-11-06 06:39:53.689 - INFO - 5094 - azureml.automl.runtime.featurization.data_transformer._apply_transforms:560 - Transform memory estimate: 0 bytes, Current available memory: 198537216 bytes
2022-11-06 06:39:53.689 - INFO - 5094 - azureml.automl.runtime.featurization.data_transformer._apply_transforms:572 - StringCastTransformer,CountVectorizer: Applying transform.
2022-11-06 06:39:53.690 - INFO - 5094 - azureml.automl.runtime.featurization.data_transformer._apply_transforms:584 - StringCastTransformer,CountVectorizer: Finished applying transform. Shape (200, 23)
2022-11-06 06:39:53.691 - INFO - 5094 - azureml.automl.runtime.featurization.data_transformer._apply_transforms:560 - Transform memory estimate: 0 bytes, Current available memory: 198537216 bytes
2022-11-06 06:39:53.691 - INFO - 5094 - azureml.automl.runtime.featurization.data_transformer._apply_transforms:572 - StringCastTransformer,CountVectorizer: Applying transform.
2022-11-06 06:39:53.692 - INFO - 5094 - azureml.automl.runtime.featurization.data_transformer._apply_transforms:584 - StringCastTransformer,CountVectorizer: Finished applying transform. Shape (200, 12)
2022-11-06 06:39:53.692 - INFO - 5094 - azureml.automl.runtime.featurization.data_transformer._apply_transforms:560 - Transform memory estimate: 0 bytes, Current available memory: 198537216 bytes
2022-11-06 06:39:53.692 - INFO - 5094 - azureml.automl.runtime.featurization.data_transformer._apply_transforms:572 - CatImputer,StringCastTransformer,LabelEncoderTransformer: Applying transform.
2022-11-06 06:39:53.695 - INFO - 5094 - azureml.automl.runtime.featurization.data_transformer._apply_transforms:584 - CatImputer,StringCastTransformer,LabelEncoderTransformer: Finished applying transform. Shape (200, 1)
2022-11-06 06:39:53.695 - INFO - 5094 - azureml.automl.runtime.featurization.data_transformer._apply_transforms:560 - Transform memory estimate: 0 bytes, Current available memory: 198537216 bytes
2022-11-06 06:39:53.696 - INFO - 5094 - azureml.automl.runtime.featurization.data_transformer._apply_transforms:572 - StringCastTransformer,CountVectorizer: Applying transform.
2022-11-06 06:39:53.697 - INFO - 5094 - azureml.automl.runtime.featurization.data_transformer._apply_transforms:584 - StringCastTransformer,CountVectorizer: Finished applying transform. Shape (200, 56)
2022-11-06 06:39:53.697 - INFO - 5094 - azureml.automl.runtime.featurization.data_transformer._apply_transforms:560 - Transform memory estimate: 0 bytes, Current available memory: 198537216 bytes
2022-11-06 06:39:53.697 - INFO - 5094 - azureml.automl.runtime.featurization.data_transformer._apply_transforms:572 - CatImputer,StringCastTransformer,CrossValidationTargetEncoder: Applying transform.
2022-11-06 06:39:53.700 - INFO - 5094 - azureml.automl.runtime.featurization.data_transformer._apply_transforms:584 - CatImputer,StringCastTransformer,CrossValidationTargetEncoder: Finished applying transform. Shape (200, 1)
2022-11-06 06:39:53.700 - INFO - 5094 - azureml.automl.runtime.featurization.data_transformer._apply_transforms:595 - Finished applying transforms
2022-11-06 06:39:53.718 - INFO - 5094 - azureml.automl.runtime.shared.memory_utilities._is_low_memory:205 - Total ram: 7281307648 bytes, Current Available memory: 198537216 bytes. Low memory threshold: 0.5
2022-11-06 06:40:01.640 - INFO - 5094 - azureml.automl.runtime.featurization.data_transformer.__init__:190 - Feature sweeping enabled: False
2022-11-06 06:40:01.647 - INFO - 5094 - azureml.automl.runtime.featurization.data_transformer.__init__:191 - Feature sweeping timeout: 86400
2022-11-06 06:49:02.601 - INFO - 5094 - azureml.automl.runtime.featurization.data_transformer.__init__:190 - Feature sweeping enabled: False
2022-11-06 06:49:02.602 - INFO - 5094 - azureml.automl.runtime.featurization.data_transformer.__init__:191 - Feature sweeping timeout: 86400
2022-11-06 06:58:47.983 - INFO - 5094 - azureml.train.automl.run._log_activity:55 - ActivityStarted: RegisterModel
2022-11-06 06:58:48.003 - INFO - 5094 - azureml.train.automl.run._log_activity:55 - ActivityStarted: GetChildren
2022-11-06 06:58:48.136 - INFO - 5094 - azureml.train.automl.run._log_activity:89 - ActivityCompleted: Activity=GetChildren, HowEnded=Success, Duration=132.91[ms]
2022-11-06 06:58:48.900 - INFO - 5094 - azureml.train.automl.run._log_activity:89 - ActivityCompleted: Activity=RegisterModel, HowEnded=Success, Duration=917.13[ms]
